#
# There is insufficient memory for the Java Runtime Environment to continue.
# Native memory allocation (malloc) failed to allocate 32744 bytes for ChunkPool::allocate
# Possible reasons:
#   The system is out of physical RAM or swap space
#   In 32 bit mode, the process size limit was hit
# Possible solutions:
#   Reduce memory load on the system
#   Increase physical memory or swap space
#   Check if swap backing store is full
#   Use 64 bit Java on a 64 bit OS
#   Decrease Java heap size (-Xmx/-Xms)
#   Decrease number of Java threads
#   Decrease Java thread stack sizes (-Xss)
#   Set larger code cache with -XX:ReservedCodeCacheSize=
# This output file may be truncated or incomplete.
#
#  Out of Memory Error (allocation.cpp:273), pid=11948, tid=0x00000000000016f0
#
# JRE version: OpenJDK Runtime Environment (8.0_152-b02) (build 1.8.0_152-release-1024-b02)
# Java VM: OpenJDK 64-Bit Server VM (25.152-b02 mixed mode windows-amd64 compressed oops)
# Failed to write core dump. Minidumps are not enabled by default on client versions of Windows
#

---------------  T H R E A D  ---------------

Current thread (0x0000000015d09000):  JavaThread "C2 CompilerThread0" daemon [_thread_in_native, id=5872, stack(0x0000000016d40000,0x0000000016e40000)]

Stack: [0x0000000016d40000,0x0000000016e40000]
[error occurred during error reporting (printing stack bounds), id 0xc0000005]

Native frames: (J=compiled Java code, j=interpreted, Vv=VM code, C=native code)


Current CompileTask:
C2:  24210 1341       4       java.net.URLClassLoader$1::run (5 bytes)


---------------  P R O C E S S  ---------------

Java Threads: ( => current thread )
  0x0000000018430800 JavaThread "File lock request listener" [_thread_in_native, id=6284, stack(0x000000001b060000,0x000000001b160000)]
  0x00000000181b9800 JavaThread "Cache worker for file hash cache (C:\Users\cusatomer\.gradle\caches\4.4\fileHashes)" [_thread_blocked, id=6140, stack(0x000000001af60000,0x000000001b060000)]
  0x000000001732d000 JavaThread "Stdin handler" [_thread_blocked, id=11900, stack(0x0000000019c90000,0x0000000019d90000)]
  0x000000001732b000 JavaThread "Asynchronous log dispatcher for DefaultDaemonConnection: socket connection from /127.0.0.1:54621 to /127.0.0.1:54622" [_thread_blocked, id=4720, stack(0x0000000019b90000,0x0000000019c90000)]
  0x000000001732a000 JavaThread "Daemon worker" [_thread_in_native, id=492, stack(0x0000000019a90000,0x0000000019b90000)]
  0x0000000017325000 JavaThread "Cancel handler" [_thread_blocked, id=11996, stack(0x0000000019990000,0x0000000019a90000)]
  0x00000000176f5800 JavaThread "Handler for socket connection from /127.0.0.1:54621 to /127.0.0.1:54622" [_thread_in_native, id=11152, stack(0x0000000019690000,0x0000000019790000)]
  0x00000000176f4800 JavaThread "Daemon" [_thread_blocked, id=11356, stack(0x0000000019590000,0x0000000019690000)]
  0x00000000182f5800 JavaThread "Daemon periodic checks" [_thread_blocked, id=11516, stack(0x0000000019490000,0x0000000019590000)]
  0x0000000017a39000 JavaThread "Incoming local TCP Connector on port 54621" [_thread_in_native, id=11116, stack(0x0000000019250000,0x0000000019350000)]
  0x0000000015d7b800 JavaThread "Service Thread" daemon [_thread_blocked, id=6976, stack(0x0000000016f40000,0x0000000017040000)]
  0x0000000015d5d000 JavaThread "C1 CompilerThread1" daemon [_thread_blocked, id=6500, stack(0x0000000016e40000,0x0000000016f40000)]
=>0x0000000015d09000 JavaThread "C2 CompilerThread0" daemon [_thread_in_native, id=5872, stack(0x0000000016d40000,0x0000000016e40000)]
  0x0000000015d07800 JavaThread "Attach Listener" daemon [_thread_blocked, id=8, stack(0x0000000016c40000,0x0000000016d40000)]
  0x0000000015d04800 JavaThread "Signal Dispatcher" daemon [_thread_blocked, id=10244, stack(0x0000000016b40000,0x0000000016c40000)]
  0x0000000015cf6800 JavaThread "Finalizer" daemon [_thread_blocked, id=8324, stack(0x0000000016950000,0x0000000016a50000)]
  0x00000000025cd800 JavaThread "Reference Handler" daemon [_thread_blocked, id=6576, stack(0x0000000016850000,0x0000000016950000)]
  0x00000000003ee800 JavaThread "main" [_thread_blocked, id=10156, stack(0x00000000023a0000,0x00000000024a0000)]

Other Threads:
  0x0000000015cd3000 VMThread [stack: 0x0000000016750000,0x0000000016850000] [id=6008]
  0x0000000015d7e800 WatcherThread [stack: 0x0000000017040000,0x0000000017140000] [id=4200]

VM state:not at safepoint (normal execution)

VM Mutex/Monitor currently owned by a thread: None

Heap:
 PSYoungGen      total 35328K, used 9437K [0x00000000e0000000, 0x00000000e2700000, 0x0000000100000000)
  eden space 30720K, 18% used [0x00000000e0000000,0x00000000e05752f0,0x00000000e1e00000)
  from space 4608K, 83% used [0x00000000e2280000,0x00000000e2642178,0x00000000e2700000)
  to   space 4608K, 0% used [0x00000000e1e00000,0x00000000e1e00000,0x00000000e2280000)
 ParOldGen       total 39936K, used 5968K [0x00000000a0000000, 0x00000000a2700000, 0x00000000e0000000)
  object space 39936K, 14% used [0x00000000a0000000,0x00000000a05d42d8,0x00000000a2700000)
 Metaspace       used 14397K, capacity 14710K, committed 14976K, reserved 1062912K
  class space    used 2012K, capacity 2123K, committed 2176K, reserved 1048576K

Card table byte_map: [0x00000000119a0000,0x0000000011cb0000] byte_map_base: 0x00000000114a0000

Marking Bits: (ParMarkBitMap*) 0x000000006f954970
 Begin Bits: [0x00000000120b0000, 0x00000000138b0000)
 End Bits:   [0x00000000138b0000, 0x00000000150b0000)

Polling page: 0x00000000003f0000

CodeCache: size=245760Kb used=4372Kb max_used=4518Kb free=241387Kb
 bounds [0x00000000025e0000, 0x0000000002a60000, 0x00000000115e0000]
 total_blobs=1615 nmethods=1248 adapters=281
 compilation: enabled

Compilation events (10 events):
Event: 23.283 Thread 0x0000000015d5d000 1350       3       sun.reflect.ReflectionFactory::inflationThreshold (4 bytes)
Event: 23.284 Thread 0x0000000015d5d000 nmethod 1350 0x00000000027725d0 code [0x0000000002772720, 0x0000000002772850]
Event: 23.431 Thread 0x0000000015d5d000 1352       1       org.gradle.internal.service.DefaultServiceRegistry::access$1400 (5 bytes)
Event: 23.431 Thread 0x0000000015d5d000 nmethod 1352 0x0000000002883b50 code [0x0000000002883ca0, 0x0000000002883d90]
Event: 23.432 Thread 0x0000000015d5d000 1353       3       org.gradle.internal.service.DefaultServiceRegistry::assertValidServiceType (35 bytes)
Event: 23.433 Thread 0x0000000015d5d000 nmethod 1353 0x00000000027eff90 code [0x00000000027f0140, 0x00000000027f0738]
Event: 23.535 Thread 0x0000000015d5d000 1354       2       java.util.regex.Matcher::match (109 bytes)
Event: 23.536 Thread 0x0000000015d5d000 nmethod 1354 0x00000000027efa90 code [0x00000000027efc00, 0x00000000027efe68]
Event: 23.864 Thread 0x0000000015d5d000 1356       3       java.io.WinNTFileSystem::normalize (143 bytes)
Event: 23.866 Thread 0x0000000015d5d000 nmethod 1356 0x00000000027327d0 code [0x00000000027329c0, 0x0000000002733228]

GC Heap History (10 events):
Event: 7.562 GC heap before
{Heap before GC invocations=2 (full 0):
 PSYoungGen      total 17408K, used 17383K [0x00000000e0000000, 0x00000000e1300000, 0x0000000100000000)
  eden space 15360K, 100% used [0x00000000e0000000,0x00000000e0f00000,0x00000000e0f00000)
  from space 2048K, 98% used [0x00000000e0f00000,0x00000000e10f9fd0,0x00000000e1100000)
  to   space 2048K, 0% used [0x00000000e1100000,0x00000000e1100000,0x00000000e1300000)
 ParOldGen       total 39936K, used 596K [0x00000000a0000000, 0x00000000a2700000, 0x00000000e0000000)
  object space 39936K, 1% used [0x00000000a0000000,0x00000000a00951e0,0x00000000a2700000)
 Metaspace       used 6596K, capacity 6766K, committed 7040K, reserved 1056768K
  class space    used 804K, capacity 875K, committed 896K, reserved 1048576K
Event: 7.584 GC heap after
Heap after GC invocations=2 (full 0):
 PSYoungGen      total 17408K, used 2046K [0x00000000e0000000, 0x00000000e1300000, 0x0000000100000000)
  eden space 15360K, 0% used [0x00000000e0000000,0x00000000e0000000,0x00000000e0f00000)
  from space 2048K, 99% used [0x00000000e1100000,0x00000000e12ff850,0x00000000e1300000)
  to   space 2048K, 0% used [0x00000000e0f00000,0x00000000e0f00000,0x00000000e1100000)
 ParOldGen       total 39936K, used 1207K [0x00000000a0000000, 0x00000000a2700000, 0x00000000e0000000)
  object space 39936K, 3% used [0x00000000a0000000,0x00000000a012df08,0x00000000a2700000)
 Metaspace       used 6596K, capacity 6766K, committed 7040K, reserved 1056768K
  class space    used 804K, capacity 875K, committed 896K, reserved 1048576K
}
Event: 9.220 GC heap before
{Heap before GC invocations=3 (full 0):
 PSYoungGen      total 17408K, used 17406K [0x00000000e0000000, 0x00000000e1300000, 0x0000000100000000)
  eden space 15360K, 100% used [0x00000000e0000000,0x00000000e0f00000,0x00000000e0f00000)
  from space 2048K, 99% used [0x00000000e1100000,0x00000000e12ff850,0x00000000e1300000)
  to   space 2048K, 0% used [0x00000000e0f00000,0x00000000e0f00000,0x00000000e1100000)
 ParOldGen       total 39936K, used 1207K [0x00000000a0000000, 0x00000000a2700000, 0x00000000e0000000)
  object space 39936K, 3% used [0x00000000a0000000,0x00000000a012df08,0x00000000a2700000)
 Metaspace       used 6835K, capacity 6952K, committed 7168K, reserved 1056768K
  class space    used 850K, capacity 916K, committed 1024K, reserved 1048576K
Event: 9.236 GC heap after
Heap after GC invocations=3 (full 0):
 PSYoungGen      total 17408K, used 2016K [0x00000000e0000000, 0x00000000e1300000, 0x0000000100000000)
  eden space 15360K, 0% used [0x00000000e0000000,0x00000000e0000000,0x00000000e0f00000)
  from space 2048K, 98% used [0x00000000e0f00000,0x00000000e10f8040,0x00000000e1100000)
  to   space 2048K, 0% used [0x00000000e1100000,0x00000000e1100000,0x00000000e1300000)
 ParOldGen       total 39936K, used 1823K [0x00000000a0000000, 0x00000000a2700000, 0x00000000e0000000)
  object space 39936K, 4% used [0x00000000a0000000,0x00000000a01c7c60,0x00000000a2700000)
 Metaspace       used 6835K, capacity 6952K, committed 7168K, reserved 1056768K
  class space    used 850K, capacity 916K, committed 1024K, reserved 1048576K
}
Event: 16.588 GC heap before
{Heap before GC invocations=4 (full 0):
 PSYoungGen      total 17408K, used 17376K [0x00000000e0000000, 0x00000000e1300000, 0x0000000100000000)
  eden space 15360K, 100% used [0x00000000e0000000,0x00000000e0f00000,0x00000000e0f00000)
  from space 2048K, 98% used [0x00000000e0f00000,0x00000000e10f8040,0x00000000e1100000)
  to   space 2048K, 0% used [0x00000000e1100000,0x00000000e1100000,0x00000000e1300000)
 ParOldGen       total 39936K, used 1823K [0x00000000a0000000, 0x00000000a2700000, 0x00000000e0000000)
  object space 39936K, 4% used [0x00000000a0000000,0x00000000a01c7c60,0x00000000a2700000)
 Metaspace       used 10392K, capacity 10664K, committed 10752K, reserved 1058816K
  class space    used 1363K, capacity 1486K, committed 1536K, reserved 1048576K
Event: 16.613 GC heap after
Heap after GC invocations=4 (full 0):
 PSYoungGen      total 17408K, used 2016K [0x00000000e0000000, 0x00000000e1300000, 0x0000000100000000)
  eden space 15360K, 0% used [0x00000000e0000000,0x00000000e0000000,0x00000000e0f00000)
  from space 2048K, 98% used [0x00000000e1100000,0x00000000e12f8020,0x00000000e1300000)
  to   space 2048K, 0% used [0x00000000e0f00000,0x00000000e0f00000,0x00000000e1100000)
 ParOldGen       total 39936K, used 4136K [0x00000000a0000000, 0x00000000a2700000, 0x00000000e0000000)
  object space 39936K, 10% used [0x00000000a0000000,0x00000000a040a040,0x00000000a2700000)
 Metaspace       used 10392K, capacity 10664K, committed 10752K, reserved 1058816K
  class space    used 1363K, capacity 1486K, committed 1536K, reserved 1048576K
}
Event: 20.676 GC heap before
{Heap before GC invocations=5 (full 0):
 PSYoungGen      total 17408K, used 17376K [0x00000000e0000000, 0x00000000e1300000, 0x0000000100000000)
  eden space 15360K, 100% used [0x00000000e0000000,0x00000000e0f00000,0x00000000e0f00000)
  from space 2048K, 98% used [0x00000000e1100000,0x00000000e12f8020,0x00000000e1300000)
  to   space 2048K, 0% used [0x00000000e0f00000,0x00000000e0f00000,0x00000000e1100000)
 ParOldGen       total 39936K, used 4136K [0x00000000a0000000, 0x00000000a2700000, 0x00000000e0000000)
  object space 39936K, 10% used [0x00000000a0000000,0x00000000a040a040,0x00000000a2700000)
 Metaspace       used 12540K, capacity 12978K, committed 13184K, reserved 1060864K
  class space    used 1704K, capacity 1865K, committed 1920K, reserved 1048576K
Event: 20.814 GC heap after
Heap after GC invocations=5 (full 0):
 PSYoungGen      total 17408K, used 2032K [0x00000000e0000000, 0x00000000e2700000, 0x0000000100000000)
  eden space 15360K, 0% used [0x00000000e0000000,0x00000000e0000000,0x00000000e0f00000)
  from space 2048K, 99% used [0x00000000e0f00000,0x00000000e10fc030,0x00000000e1100000)
  to   space 4608K, 0% used [0x00000000e2280000,0x00000000e2280000,0x00000000e2700000)
 ParOldGen       total 39936K, used 5968K [0x00000000a0000000, 0x00000000a2700000, 0x00000000e0000000)
  object space 39936K, 14% used [0x00000000a0000000,0x00000000a05d42d8,0x00000000a2700000)
 Metaspace       used 12540K, capacity 12978K, committed 13184K, reserved 1060864K
  class space    used 1704K, capacity 1865K, committed 1920K, reserved 1048576K
}
Event: 23.108 GC heap before
{Heap before GC invocations=6 (full 0):
 PSYoungGen      total 17408K, used 17392K [0x00000000e0000000, 0x00000000e2700000, 0x0000000100000000)
  eden space 15360K, 100% used [0x00000000e0000000,0x00000000e0f00000,0x00000000e0f00000)
  from space 2048K, 99% used [0x00000000e0f00000,0x00000000e10fc030,0x00000000e1100000)
  to   space 4608K, 0% used [0x00000000e2280000,0x00000000e2280000,0x00000000e2700000)
 ParOldGen       total 39936K, used 5968K [0x00000000a0000000, 0x00000000a2700000, 0x00000000e0000000)
  object space 39936K, 14% used [0x00000000a0000000,0x00000000a05d42d8,0x00000000a2700000)
 Metaspace       used 13870K, capacity 14198K, committed 14464K, reserved 1060864K
  class space    used 1921K, capacity 2059K, committed 2176K, reserved 1048576K
Event: 23.143 GC heap after
Heap after GC invocations=6 (full 0):
 PSYoungGen      total 35328K, used 3848K [0x00000000e0000000, 0x00000000e2700000, 0x0000000100000000)
  eden space 30720K, 0% used [0x00000000e0000000,0x00000000e0000000,0x00000000e1e00000)
  from space 4608K, 83% used [0x00000000e2280000,0x00000000e2642178,0x00000000e2700000)
  to   space 4608K, 0% used [0x00000000e1e00000,0x00000000e1e00000,0x00000000e2280000)
 ParOldGen       total 39936K, used 5968K [0x00000000a0000000, 0x00000000a2700000, 0x00000000e0000000)
  object space 39936K, 14% used [0x00000000a0000000,0x00000000a05d42d8,0x00000000a2700000)
 Metaspace       used 13870K, capacity 14198K, committed 14464K, reserved 1060864K
  class space    used 1921K, capacity 2059K, committed 2176K, reserved 1048576K
}

Deoptimization events (10 events):
Event: 9.712 Thread 0x00000000003ee800 Uncommon trap: reason=bimorphic action=maybe_recompile pc=0x00000000028f4b6c method=java.util.HashMap.putVal(ILjava/lang/Object;Ljava/lang/Object;ZZ)Ljava/lang/Object; @ 91
Event: 9.713 Thread 0x00000000003ee800 Uncommon trap: reason=unstable_if action=reinterpret pc=0x0000000002842138 method=java.util.HashMap.getNode(ILjava/lang/Object;)Ljava/util/HashMap$Node; @ 62
Event: 9.713 Thread 0x00000000003ee800 Uncommon trap: reason=bimorphic action=maybe_recompile pc=0x00000000028f4b6c method=java.util.HashMap.putVal(ILjava/lang/Object;Ljava/lang/Object;ZZ)Ljava/lang/Object; @ 91
Event: 9.714 Thread 0x00000000003ee800 Uncommon trap: reason=bimorphic action=maybe_recompile pc=0x00000000028f4b6c method=java.util.HashMap.putVal(ILjava/lang/Object;Ljava/lang/Object;ZZ)Ljava/lang/Object; @ 91
Event: 9.718 Thread 0x00000000003ee800 Uncommon trap: reason=bimorphic action=maybe_recompile pc=0x00000000028f4b6c method=java.util.HashMap.putVal(ILjava/lang/Object;Ljava/lang/Object;ZZ)Ljava/lang/Object; @ 91
Event: 13.263 Thread 0x00000000003ee800 Uncommon trap: reason=unstable_if action=reinterpret pc=0x0000000002875210 method=java.io.WinNTFileSystem.normalize(Ljava/lang/String;)Ljava/lang/String; @ 128
Event: 13.263 Thread 0x00000000003ee800 Uncommon trap: reason=unstable_if action=reinterpret pc=0x00000000028eb8e0 method=java.io.WinNTFileSystem.normalize(Ljava/lang/String;II)Ljava/lang/String; @ 90
Event: 18.126 Thread 0x00000000176f5800 Uncommon trap: reason=unstable_if action=reinterpret pc=0x000000000298e9c4 method=java.util.concurrent.ConcurrentHashMap.putVal(Ljava/lang/Object;Ljava/lang/Object;Z)Ljava/lang/Object; @ 206
Event: 19.492 Thread 0x000000001732a000 Uncommon trap: reason=class_check action=maybe_recompile pc=0x000000000284999c method=java.util.regex.Matcher.match(II)Z @ 86
Event: 23.533 Thread 0x000000001732a000 Uncommon trap: reason=class_check action=maybe_recompile pc=0x000000000284999c method=java.util.regex.Matcher.match(II)Z @ 86

Classes redefined (0 events):
No events

Internal exceptions (10 events):
Event: 18.403 Thread 0x00000000176f5800 Exception <a 'java/lang/NoSuchMethodError': <clinit>> (0x00000000e04eda20) thrown at [D:\src\AOSP-openjdk-cygwin\jdk8u\hotspot\src\share\vm\prims\jni.cpp, line 1613]
Event: 18.407 Thread 0x00000000176f5800 Exception <a 'java/lang/NoSuchMethodError': <clinit>> (0x00000000e04f64e8) thrown at [D:\src\AOSP-openjdk-cygwin\jdk8u\hotspot\src\share\vm\prims\jni.cpp, line 1613]
Event: 18.418 Thread 0x00000000176f5800 Exception <a 'java/lang/NoSuchMethodError': <clinit>> (0x00000000e0507bb0) thrown at [D:\src\AOSP-openjdk-cygwin\jdk8u\hotspot\src\share\vm\prims\jni.cpp, line 1613]
Event: 18.698 Thread 0x00000000176f5800 Exception <a 'java/lang/NoSuchMethodError': <clinit>> (0x00000000e056cf30) thrown at [D:\src\AOSP-openjdk-cygwin\jdk8u\hotspot\src\share\vm\prims\jni.cpp, line 1613]
Event: 18.801 Thread 0x00000000176f5800 Exception <a 'java/lang/NoSuchMethodError': <clinit>> (0x00000000e0590658) thrown at [D:\src\AOSP-openjdk-cygwin\jdk8u\hotspot\src\share\vm\prims\jni.cpp, line 1613]
Event: 18.902 Thread 0x00000000176f5800 Exception <a 'java/lang/NoSuchMethodError': <clinit>> (0x00000000e05ba7a0) thrown at [D:\src\AOSP-openjdk-cygwin\jdk8u\hotspot\src\share\vm\prims\jni.cpp, line 1613]
Event: 18.925 Thread 0x00000000176f5800 Exception <a 'java/lang/NoSuchMethodError': <clinit>> (0x00000000e05c8388) thrown at [D:\src\AOSP-openjdk-cygwin\jdk8u\hotspot\src\share\vm\prims\jni.cpp, line 1613]
Event: 18.936 Thread 0x00000000176f5800 Exception <a 'java/lang/NoSuchMethodError': <clinit>> (0x00000000e05ebb48) thrown at [D:\src\AOSP-openjdk-cygwin\jdk8u\hotspot\src\share\vm\prims\jni.cpp, line 1613]
Event: 19.259 Thread 0x000000001732a000 Exception <a 'java/lang/NoSuchMethodError': <clinit>> (0x00000000e0673a48) thrown at [D:\src\AOSP-openjdk-cygwin\jdk8u\hotspot\src\share\vm\prims\jni.cpp, line 1613]
Event: 19.262 Thread 0x000000001732a000 Exception <a 'java/lang/NoSuchMethodError': <clinit>> (0x00000000e067bcd0) thrown at [D:\src\AOSP-openjdk-cygwin\jdk8u\hotspot\src\share\vm\prims\jni.cpp, line 1613]

Events (10 events):
Event: 24.109 loading class org/gradle/api/file/FileCollection
Event: 24.109 loading class org/gradle/api/file/FileCollection done
Event: 24.111 loading class org/gradle/internal/classloader/DefaultHashingClassLoaderFactory
Event: 24.111 loading class org/gradle/internal/classloader/DefaultHashingClassLoaderFactory done
Event: 24.112 loading class org/gradle/internal/classloader/DefaultClassLoaderFactory
Event: 24.112 loading class org/gradle/internal/classloader/DefaultClassLoaderFactory done
Event: 24.136 loading class java/util/Collections$SynchronizedMap
Event: 24.158 loading class java/util/Collections$SynchronizedMap done
Event: 24.158 loading class org/gradle/api/internal/initialization/loadercache/DefaultClassLoaderCache
Event: 24.159 loading class org/gradle/api/internal/initialization/loadercache/DefaultClassLoaderCache done


Dynamic libraries:
0x00007ff66cc50000 - 0x00007ff66cc81000 	C:\Program Files\Android\Android Studio\jre\bin\java.exe
0x00007ff827b80000 - 0x00007ff827d61000 	C:\WINDOWS\SYSTEM32\ntdll.dll
0x00007ff825940000 - 0x00007ff8259f2000 	C:\WINDOWS\System32\KERNEL32.DLL
0x00007ff824410000 - 0x00007ff824683000 	C:\WINDOWS\System32\KERNELBASE.dll
0x00007ff827aa0000 - 0x00007ff827b41000 	C:\WINDOWS\System32\ADVAPI32.dll
0x00007ff825b10000 - 0x00007ff825bae000 	C:\WINDOWS\System32\msvcrt.dll
0x00007ff825460000 - 0x00007ff8254bb000 	C:\WINDOWS\System32\sechost.dll
0x00007ff8278a0000 - 0x00007ff8279c4000 	C:\WINDOWS\System32\RPCRT4.dll
0x00007ff827620000 - 0x00007ff8277b0000 	C:\WINDOWS\System32\USER32.dll
0x00007ff824350000 - 0x00007ff824370000 	C:\WINDOWS\System32\win32u.dll
0x00007ff825a60000 - 0x00007ff825a88000 	C:\WINDOWS\System32\GDI32.dll
0x00007ff824100000 - 0x00007ff824292000 	C:\WINDOWS\System32\gdi32full.dll
0x00007ff824370000 - 0x00007ff82440f000 	C:\WINDOWS\System32\msvcp_win.dll
0x00007ff824000000 - 0x00007ff8240fa000 	C:\WINDOWS\System32\ucrtbase.dll
0x00007ff813c70000 - 0x00007ff813ed9000 	C:\WINDOWS\WinSxS\amd64_microsoft.windows.common-controls_6595b64144ccf1df_6.0.17134.228_none_fb4599993062b194\COMCTL32.dll
0x00007ff825bc0000 - 0x00007ff825ee3000 	C:\WINDOWS\System32\combase.dll
0x00007ff824da0000 - 0x00007ff824e1a000 	C:\WINDOWS\System32\bcryptPrimitives.dll
0x00007ff8275f0000 - 0x00007ff82761d000 	C:\WINDOWS\System32\IMM32.DLL
0x000000006ee90000 - 0x000000006ef62000 	C:\Program Files\Android\Android Studio\jre\jre\bin\msvcr100.dll
0x000000006f190000 - 0x000000006f9cf000 	C:\Program Files\Android\Android Studio\jre\jre\bin\server\jvm.dll
0x00007ff825a90000 - 0x00007ff825a98000 	C:\WINDOWS\System32\PSAPI.DLL
0x00007ff810090000 - 0x00007ff810099000 	C:\WINDOWS\SYSTEM32\WSOCK32.dll
0x00007ff8279d0000 - 0x00007ff827a3c000 	C:\WINDOWS\System32\WS2_32.dll
0x00007ff820d40000 - 0x00007ff820d63000 	C:\WINDOWS\SYSTEM32\WINMM.dll
0x00007ff81ddb0000 - 0x00007ff81ddba000 	C:\WINDOWS\SYSTEM32\VERSION.dll
0x00007ff820d10000 - 0x00007ff820d3a000 	C:\WINDOWS\SYSTEM32\WINMMBASE.dll
0x00007ff824300000 - 0x00007ff824349000 	C:\WINDOWS\System32\cfgmgr32.dll
0x00007ff816220000 - 0x00007ff81622f000 	C:\Program Files\Android\Android Studio\jre\jre\bin\verify.dll
0x00007ff813870000 - 0x00007ff813899000 	C:\Program Files\Android\Android Studio\jre\jre\bin\java.dll
0x00007ff8131a0000 - 0x00007ff8131b6000 	C:\Program Files\Android\Android Studio\jre\jre\bin\zip.dll
0x00007ff825ef0000 - 0x00007ff827330000 	C:\WINDOWS\System32\SHELL32.dll
0x00007ff827540000 - 0x00007ff8275e9000 	C:\WINDOWS\System32\shcore.dll
0x00007ff824690000 - 0x00007ff824d9d000 	C:\WINDOWS\System32\windows.storage.dll
0x00007ff825ab0000 - 0x00007ff825b01000 	C:\WINDOWS\System32\shlwapi.dll
0x00007ff823ee0000 - 0x00007ff823ef1000 	C:\WINDOWS\System32\kernel.appcore.dll
0x00007ff823ec0000 - 0x00007ff823edf000 	C:\WINDOWS\System32\profapi.dll
0x00007ff823f00000 - 0x00007ff823f4c000 	C:\WINDOWS\System32\powrprof.dll
0x00007ff823eb0000 - 0x00007ff823eba000 	C:\WINDOWS\System32\FLTLIB.DLL
0x00007ff8124e0000 - 0x00007ff8124fa000 	C:\Program Files\Android\Android Studio\jre\jre\bin\net.dll
0x00007ff822330000 - 0x00007ff822396000 	C:\WINDOWS\system32\mswsock.dll
0x00007ff8100b0000 - 0x00007ff8100c1000 	C:\Program Files\Android\Android Studio\jre\jre\bin\nio.dll
0x00007ff817370000 - 0x00007ff81738e000 	C:\Users\cusatomer\.gradle\native\25\windows-amd64\native-platform.dll
0x00007ff813b00000 - 0x00007ff813b0d000 	C:\Program Files\Android\Android Studio\jre\jre\bin\management.dll
0x00007ff8224e0000 - 0x00007ff8224f7000 	C:\WINDOWS\SYSTEM32\CRYPTSP.dll
0x00007ff821f10000 - 0x00007ff821f43000 	C:\WINDOWS\system32\rsaenh.dll
0x00007ff822670000 - 0x00007ff822695000 	C:\WINDOWS\SYSTEM32\bcrypt.dll
0x00007ff822a40000 - 0x00007ff822a68000 	C:\WINDOWS\SYSTEM32\USERENV.dll
0x00007ff822500000 - 0x00007ff82250b000 	C:\WINDOWS\SYSTEM32\CRYPTBASE.dll
0x00007ff8220b0000 - 0x00007ff8220e8000 	C:\WINDOWS\SYSTEM32\IPHLPAPI.DLL
0x00007ff825aa0000 - 0x00007ff825aa8000 	C:\WINDOWS\System32\NSI.dll
0x00007ff818c90000 - 0x00007ff818ca6000 	C:\WINDOWS\SYSTEM32\dhcpcsvc6.DLL
0x00007ff8190e0000 - 0x00007ff8190fa000 	C:\WINDOWS\SYSTEM32\dhcpcsvc.DLL

VM Arguments:
jvm_args: -Xmx1536m -Dfile.encoding=windows-1252 -Duser.country=US -Duser.language=en -Duser.variant 
java_command: org.gradle.launcher.daemon.bootstrap.GradleDaemon 4.4
java_class_path (initial): C:\Users\cusatomer\.gradle\wrapper\dists\gradle-4.4-all\9br9xq1tocpiv8o6njlyu5op1\gradle-4.4\lib\gradle-launcher-4.4.jar
Launcher Type: SUN_STANDARD

Environment Variables:
PATH=C:\Program Files (x86)\Common Files\Oracle\Java\javapath;C:\WINDOWS\system32;C:\WINDOWS;C:\WINDOWS\system32\wbem;C:\Program Files\Common Files\Microsoft Shared\Windows Live;C:\Program Files (x86)\Common Files\Microsoft Shared\Windows Live;C:\windows\System32\WindowsPowerShell\v1.0;C:\Program Files (x86)\Windows Live\Shared;C:\Program Files (x86)\ATI Technologies\ATI.ACE\Core-Static;C:\Users\cusatomer\AppData\Local\Smartbar\Application;C:\WINDOWS\System32\Wbem;C:\WINDOWS\System32\WindowsPowerShell\v1.0\;C:\Program Files (x86)\Skype\Phone\;C:\Program Files (x86)\Brackets\command;C:\WINDOWS\System32\OpenSSH\;C:\Program Files\Git\cmd;C:\Program Files\nodejs\;C:\Users\cusatomer\AppData\Local\Microsoft\WindowsApps;C:\Users\cusatomer\AppData\Roaming\npm
USERNAME=cusatomer
OS=Windows_NT
PROCESSOR_IDENTIFIER=AMD64 Family 20 Model 2 Stepping 0, AuthenticAMD



---------------  S Y S T E M  ---------------

OS: Windows 10.0 , 64 bit Build 17134 (10.0.17134.1)

CPU:total 2 (initial active 2) (2 cores per cpu, 1 threads per core) family 20 model 2 stepping 0, cmov, cx8, fxsr, mmx, sse, sse2, sse3, ssse3, popcnt, mmxext, lzcnt, sse4a, tsc, tscinvbit, tscinv

Memory: 4k page, physical 3775348k(526636k free), swap 6185908k(3256k free)

vm_info: OpenJDK 64-Bit Server VM (25.152-b02) for windows-amd64 JRE (1.8.0_152-release-1024-b02), built by "builder" with MS VC++ 10.0 (VS2010)

time: Fri Sep 07 21:40:04 2018
elapsed time: 24 seconds (0d 0h 0m 24s)

