#
# There is insufficient memory for the Java Runtime Environment to continue.
# Native memory allocation (malloc) failed to allocate 709216 bytes for Chunk::new
# Possible reasons:
#   The system is out of physical RAM or swap space
#   In 32 bit mode, the process size limit was hit
# Possible solutions:
#   Reduce memory load on the system
#   Increase physical memory or swap space
#   Check if swap backing store is full
#   Use 64 bit Java on a 64 bit OS
#   Decrease Java heap size (-Xmx/-Xms)
#   Decrease number of Java threads
#   Decrease Java thread stack sizes (-Xss)
#   Set larger code cache with -XX:ReservedCodeCacheSize=
# This output file may be truncated or incomplete.
#
#  Out of Memory Error (allocation.cpp:390), pid=10988, tid=0x0000000000001668
#
# JRE version: OpenJDK Runtime Environment (8.0_152-b02) (build 1.8.0_152-release-1024-b02)
# Java VM: OpenJDK 64-Bit Server VM (25.152-b02 mixed mode windows-amd64 compressed oops)
# Failed to write core dump. Minidumps are not enabled by default on client versions of Windows
#

---------------  T H R E A D  ---------------

Current thread (0x0000000016465000):  JavaThread "C2 CompilerThread0" daemon [_thread_in_native, id=5736, stack(0x0000000017490000,0x0000000017590000)]

Stack: [0x0000000017490000,0x0000000017590000]
[error occurred during error reporting (printing stack bounds), id 0xc0000005]

Native frames: (J=compiled Java code, j=interpreted, Vv=VM code, C=native code)


Current CompileTask:
C2:13896594 19678       4       java.lang.Class::getMethod (64 bytes)


---------------  P R O C E S S  ---------------

Java Threads: ( => current thread )
  0x000000001ccf5000 JavaThread "Cache worker for file hash cache (C:\Users\cusatomer\AndroidStudioProjects\Hyke3\.gradle\4.4\fileHashes)" [_thread_blocked, id=4212, stack(0x0000000036720000,0x0000000036820000)]
  0x000000001ccf3800 JavaThread "Stdin handler" [_thread_blocked, id=1536, stack(0x0000000036620000,0x0000000036720000)]
  0x0000000019175000 JavaThread "Asynchronous log dispatcher for DefaultDaemonConnection: socket connection from /127.0.0.1:62644 to /127.0.0.1:52294" [_thread_blocked, id=1788, stack(0x0000000036520000,0x0000000036620000)]
  0x0000000019178000 JavaThread "Daemon worker Thread 4" [_thread_in_vm, id=3640, stack(0x0000000036420000,0x0000000036520000)]
  0x0000000019179800 JavaThread "Cancel handler" [_thread_blocked, id=6048, stack(0x0000000036320000,0x0000000036420000)]
  0x0000000019175800 JavaThread "Handler for socket connection from /127.0.0.1:62644 to /127.0.0.1:52294" [_thread_in_native, id=3284, stack(0x0000000036220000,0x0000000036320000)]
  0x000000001917a000 JavaThread "Daemon Thread 4" [_thread_blocked, id=3596, stack(0x0000000036120000,0x0000000036220000)]
  0x000000001ccf8000 JavaThread "stdout" daemon [_thread_in_native, id=11624, stack(0x000000002eb20000,0x000000002ec20000)]
  0x000000001ccf7000 JavaThread "stderr" daemon [_thread_in_native, id=8276, stack(0x000000002ea20000,0x000000002eb20000)]
  0x0000000019177000 JavaThread "Memory manager" [_thread_blocked, id=11836, stack(0x000000001e180000,0x000000001e280000)]
  0x00000000188c5000 JavaThread "File lock request listener" [_thread_in_native, id=10376, stack(0x000000001b9b0000,0x000000001bab0000)]
  0x0000000018a3b000 JavaThread "Cache worker for file hash cache (C:\Users\cusatomer\.gradle\caches\4.4\fileHashes)" [_thread_blocked, id=8028, stack(0x000000001b8b0000,0x000000001b9b0000)]
  0x00000000188b0000 JavaThread "Daemon periodic checks" [_thread_blocked, id=10296, stack(0x0000000019de0000,0x0000000019ee0000)]
  0x00000000188ae000 JavaThread "Incoming local TCP Connector on port 62644" [_thread_in_native, id=4036, stack(0x0000000019ba0000,0x0000000019ca0000)]
  0x00000000164dc000 JavaThread "Service Thread" daemon [_thread_blocked, id=4152, stack(0x0000000017690000,0x0000000017790000)]
  0x0000000016468000 JavaThread "C1 CompilerThread1" daemon [_thread_in_vm, id=5808, stack(0x0000000017590000,0x0000000017690000)]
=>0x0000000016465000 JavaThread "C2 CompilerThread0" daemon [_thread_in_native, id=5736, stack(0x0000000017490000,0x0000000017590000)]
  0x0000000016464000 JavaThread "Attach Listener" daemon [_thread_blocked, id=7584, stack(0x0000000017390000,0x0000000017490000)]
  0x0000000016470800 JavaThread "Signal Dispatcher" daemon [_thread_blocked, id=7756, stack(0x0000000017290000,0x0000000017390000)]
  0x0000000002d37000 JavaThread "Finalizer" daemon [_thread_blocked, id=6848, stack(0x00000000170a0000,0x00000000171a0000)]
  0x0000000002d2d800 JavaThread "Reference Handler" daemon [_thread_blocked, id=11828, stack(0x0000000016fa0000,0x00000000170a0000)]
  0x0000000002b3e800 JavaThread "main" [_thread_blocked, id=2708, stack(0x0000000002b40000,0x0000000002c40000)]

Other Threads:
  0x0000000016433000 VMThread [stack: 0x0000000016ea0000,0x0000000016fa0000] [id=7272]
  0x00000000164e0000 WatcherThread [stack: 0x0000000017790000,0x0000000017890000] [id=10992]

VM state:not at safepoint (normal execution)

VM Mutex/Monitor currently owned by a thread: None

Heap:
 PSYoungGen      total 370176K, used 316727K [0x00000000e0000000, 0x00000000f9480000, 0x0000000100000000)
  eden space 335360K, 92% used [0x00000000e0000000,0x00000000f2d66700,0x00000000f4780000)
  from space 34816K, 23% used [0x00000000f7280000,0x00000000f7a67840,0x00000000f9480000)
  to   space 39424K, 0% used [0x00000000f4780000,0x00000000f4780000,0x00000000f6e00000)
 ParOldGen       total 148992K, used 74696K [0x00000000a0000000, 0x00000000a9180000, 0x00000000e0000000)
  object space 148992K, 50% used [0x00000000a0000000,0x00000000a48f23c0,0x00000000a9180000)
 Metaspace       used 80701K, capacity 83768K, committed 84736K, reserved 1122304K
  class space    used 10148K, capacity 10757K, committed 11008K, reserved 1048576K

Card table byte_map: [0x0000000012100000,0x0000000012410000] byte_map_base: 0x0000000011c00000

Marking Bits: (ParMarkBitMap*) 0x00000000667e4970
 Begin Bits: [0x0000000012810000, 0x0000000014010000)
 End Bits:   [0x0000000014010000, 0x0000000015810000)

Polling page: 0x0000000000fd0000

CodeCache: size=245760Kb used=54353Kb max_used=54353Kb free=191406Kb
 bounds [0x0000000002d40000, 0x00000000062b0000, 0x0000000011d40000]
 total_blobs=15809 nmethods=14966 adapters=755
 compilation: enabled

Compilation events (10 events):
Event: 13874.098 Thread 0x0000000016465000 19672       4       sun.reflect.ClassFileAssembler::emitConstantPoolClass (23 bytes)
Event: 13874.441 Thread 0x0000000016465000 nmethod 19672 0x0000000006289090 code [0x0000000006289220, 0x00000000062895a8]
Event: 13877.534 Thread 0x0000000016465000 19673       4       sun.reflect.ClassFileAssembler::getLength (11 bytes)
Event: 13877.537 Thread 0x0000000016465000 nmethod 19673 0x0000000005d0d890 code [0x0000000005d0d9e0, 0x0000000005d0da78]
Event: 13881.984 Thread 0x0000000016468000 19659       3       java.io.ObjectStreamClass$3::compare (12 bytes)
Event: 13882.024 Thread 0x0000000016468000 nmethod 19659 0x00000000031bcd50 code [0x00000000031bcec0, 0x00000000031bd0e8]
Event: 13886.632 Thread 0x0000000016468000 19671       3       java.net.URI::access$100 (4 bytes)
Event: 13886.633 Thread 0x0000000016468000 nmethod 19671 0x0000000003dd9890 code [0x0000000003dd99e0, 0x0000000003dd9b10]
Event: 13891.037 Thread 0x0000000016465000 19678       4       java.lang.Class::getMethod (64 bytes)
Event: 13892.025 Thread 0x0000000016468000 19677       3       org.codehaus.groovy.reflection.CachedClass$8::initValue (127 bytes)

GC Heap History (10 events):
Event: 5094.220 GC heap before
{Heap before GC invocations=41 (full 4):
 PSYoungGen      total 287744K, used 250972K [0x00000000e0000000, 0x00000000f4600000, 0x0000000100000000)
  eden space 245760K, 99% used [0x00000000e0000000,0x00000000eeff2ca0,0x00000000ef000000)
  from space 41984K, 12% used [0x00000000f1d00000,0x00000000f22244f0,0x00000000f4600000)
  to   space 44032K, 0% used [0x00000000ef000000,0x00000000ef000000,0x00000000f1b00000)
 ParOldGen       total 134656K, used 111705K [0x00000000a0000000, 0x00000000a8380000, 0x00000000e0000000)
  object space 134656K, 82% used [0x00000000a0000000,0x00000000a6d16780,0x00000000a8380000)
 Metaspace       used 80531K, capacity 83822K, committed 83968K, reserved 1122304K
  class space    used 10223K, capacity 10882K, committed 11008K, reserved 1048576K
Event: 5094.260 GC heap after
Heap after GC invocations=41 (full 4):
 PSYoungGen      total 289792K, used 4239K [0x00000000e0000000, 0x00000000f7300000, 0x0000000100000000)
  eden space 245760K, 0% used [0x00000000e0000000,0x00000000e0000000,0x00000000ef000000)
  from space 44032K, 9% used [0x00000000ef000000,0x00000000ef423c48,0x00000000f1b00000)
  to   space 43520K, 0% used [0x00000000f4880000,0x00000000f4880000,0x00000000f7300000)
 ParOldGen       total 134656K, used 112509K [0x00000000a0000000, 0x00000000a8380000, 0x00000000e0000000)
  object space 134656K, 83% used [0x00000000a0000000,0x00000000a6ddf7b0,0x00000000a8380000)
 Metaspace       used 80531K, capacity 83822K, committed 83968K, reserved 1122304K
  class space    used 10223K, capacity 10882K, committed 11008K, reserved 1048576K
}
Event: 8027.027 GC heap before
{Heap before GC invocations=42 (full 4):
 PSYoungGen      total 289792K, used 249999K [0x00000000e0000000, 0x00000000f7300000, 0x0000000100000000)
  eden space 245760K, 100% used [0x00000000e0000000,0x00000000ef000000,0x00000000ef000000)
  from space 44032K, 9% used [0x00000000ef000000,0x00000000ef423c48,0x00000000f1b00000)
  to   space 43520K, 0% used [0x00000000f4880000,0x00000000f4880000,0x00000000f7300000)
 ParOldGen       total 134656K, used 112509K [0x00000000a0000000, 0x00000000a8380000, 0x00000000e0000000)
  object space 134656K, 83% used [0x00000000a0000000,0x00000000a6ddf7b0,0x00000000a8380000)
 Metaspace       used 80928K, capacity 84288K, committed 84480K, reserved 1122304K
  class space    used 10253K, capacity 10937K, committed 11008K, reserved 1048576K
Event: 8027.377 GC heap after
Heap after GC invocations=42 (full 4):
 PSYoungGen      total 327168K, used 5472K [0x00000000e0000000, 0x00000000f6d80000, 0x0000000100000000)
  eden space 289280K, 0% used [0x00000000e0000000,0x00000000e0000000,0x00000000f1a80000)
  from space 37888K, 14% used [0x00000000f4880000,0x00000000f4dd8020,0x00000000f6d80000)
  to   space 42496K, 0% used [0x00000000f1a80000,0x00000000f1a80000,0x00000000f4400000)
 ParOldGen       total 134656K, used 113238K [0x00000000a0000000, 0x00000000a8380000, 0x00000000e0000000)
  object space 134656K, 84% used [0x00000000a0000000,0x00000000a6e95850,0x00000000a8380000)
 Metaspace       used 80928K, capacity 84288K, committed 84480K, reserved 1122304K
  class space    used 10253K, capacity 10937K, committed 11008K, reserved 1048576K
}
Event: 8318.262 GC heap before
{Heap before GC invocations=43 (full 4):
 PSYoungGen      total 327168K, used 294752K [0x00000000e0000000, 0x00000000f6d80000, 0x0000000100000000)
  eden space 289280K, 100% used [0x00000000e0000000,0x00000000f1a80000,0x00000000f1a80000)
  from space 37888K, 14% used [0x00000000f4880000,0x00000000f4dd8020,0x00000000f6d80000)
  to   space 42496K, 0% used [0x00000000f1a80000,0x00000000f1a80000,0x00000000f4400000)
 ParOldGen       total 134656K, used 113238K [0x00000000a0000000, 0x00000000a8380000, 0x00000000e0000000)
  object space 134656K, 84% used [0x00000000a0000000,0x00000000a6e95850,0x00000000a8380000)
 Metaspace       used 81090K, capacity 84588K, committed 84736K, reserved 1122304K
  class space    used 10263K, capacity 10955K, committed 11008K, reserved 1048576K
Event: 8320.737 GC heap after
Heap after GC invocations=43 (full 4):
 PSYoungGen      total 331776K, used 18002K [0x00000000e0000000, 0x00000000f9a80000, 0x0000000100000000)
  eden space 289280K, 0% used [0x00000000e0000000,0x00000000e0000000,0x00000000f1a80000)
  from space 42496K, 42% used [0x00000000f1a80000,0x00000000f2c14978,0x00000000f4400000)
  to   space 40960K, 0% used [0x00000000f7280000,0x00000000f7280000,0x00000000f9a80000)
 ParOldGen       total 134656K, used 118105K [0x00000000a0000000, 0x00000000a8380000, 0x00000000e0000000)
  object space 134656K, 87% used [0x00000000a0000000,0x00000000a7356600,0x00000000a8380000)
 Metaspace       used 81090K, capacity 84588K, committed 84736K, reserved 1122304K
  class space    used 10263K, capacity 10955K, committed 11008K, reserved 1048576K
}
Event: 8320.762 GC heap before
{Heap before GC invocations=44 (full 5):
 PSYoungGen      total 331776K, used 18002K [0x00000000e0000000, 0x00000000f9a80000, 0x0000000100000000)
  eden space 289280K, 0% used [0x00000000e0000000,0x00000000e0000000,0x00000000f1a80000)
  from space 42496K, 42% used [0x00000000f1a80000,0x00000000f2c14978,0x00000000f4400000)
  to   space 40960K, 0% used [0x00000000f7280000,0x00000000f7280000,0x00000000f9a80000)
 ParOldGen       total 134656K, used 118105K [0x00000000a0000000, 0x00000000a8380000, 0x00000000e0000000)
  object space 134656K, 87% used [0x00000000a0000000,0x00000000a7356600,0x00000000a8380000)
 Metaspace       used 81090K, capacity 84588K, committed 84736K, reserved 1122304K
  class space    used 10263K, capacity 10955K, committed 11008K, reserved 1048576K
Event: 8363.080 GC heap after
Heap after GC invocations=44 (full 5):
 PSYoungGen      total 331776K, used 0K [0x00000000e0000000, 0x00000000f9a80000, 0x0000000100000000)
  eden space 289280K, 0% used [0x00000000e0000000,0x00000000e0000000,0x00000000f1a80000)
  from space 42496K, 0% used [0x00000000f1a80000,0x00000000f1a80000,0x00000000f4400000)
  to   space 40960K, 0% used [0x00000000f7280000,0x00000000f7280000,0x00000000f9a80000)
 ParOldGen       total 148992K, used 74688K [0x00000000a0000000, 0x00000000a9180000, 0x00000000e0000000)
  object space 148992K, 50% used [0x00000000a0000000,0x00000000a48f03c0,0x00000000a9180000)
 Metaspace       used 80231K, capacity 83090K, committed 84736K, reserved 1122304K
  class space    used 10093K, capacity 10656K, committed 11008K, reserved 1048576K
}
Event: 8450.737 GC heap before
{Heap before GC invocations=45 (full 5):
 PSYoungGen      total 331776K, used 289280K [0x00000000e0000000, 0x00000000f9a80000, 0x0000000100000000)
  eden space 289280K, 100% used [0x00000000e0000000,0x00000000f1a80000,0x00000000f1a80000)
  from space 42496K, 0% used [0x00000000f1a80000,0x00000000f1a80000,0x00000000f4400000)
  to   space 40960K, 0% used [0x00000000f7280000,0x00000000f7280000,0x00000000f9a80000)
 ParOldGen       total 148992K, used 74688K [0x00000000a0000000, 0x00000000a9180000, 0x00000000e0000000)
  object space 148992K, 50% used [0x00000000a0000000,0x00000000a48f03c0,0x00000000a9180000)
 Metaspace       used 80334K, capacity 83188K, committed 84736K, reserved 1122304K
  class space    used 10101K, capacity 10671K, committed 11008K, reserved 1048576K
Event: 8450.816 GC heap after
Heap after GC invocations=45 (full 5):
 PSYoungGen      total 370176K, used 8094K [0x00000000e0000000, 0x00000000f9480000, 0x0000000100000000)
  eden space 335360K, 0% used [0x00000000e0000000,0x00000000e0000000,0x00000000f4780000)
  from space 34816K, 23% used [0x00000000f7280000,0x00000000f7a67840,0x00000000f9480000)
  to   space 39424K, 0% used [0x00000000f4780000,0x00000000f4780000,0x00000000f6e00000)
 ParOldGen       total 148992K, used 74696K [0x00000000a0000000, 0x00000000a9180000, 0x00000000e0000000)
  object space 148992K, 50% used [0x00000000a0000000,0x00000000a48f23c0,0x00000000a9180000)
 Metaspace       used 80334K, capacity 83188K, committed 84736K, reserved 1122304K
  class space    used 10101K, capacity 10671K, committed 11008K, reserved 1048576K
}

Deoptimization events (10 events):
Event: 8438.501 Thread 0x000000001c61f800 Uncommon trap: reason=array_check action=maybe_recompile pc=0x0000000005ed8d20 method=java.util.TimSort.mergeLo(IIII)V @ 590
Event: 8438.994 Thread 0x000000001c61f800 Uncommon trap: reason=array_check action=maybe_recompile pc=0x00000000054e9768 method=java.util.TimSort.mergeHi(IIII)V @ 524
Event: 8450.884 Thread 0x000000001c618800 Uncommon trap: reason=array_check action=maybe_recompile pc=0x00000000054e9768 method=java.util.TimSort.mergeHi(IIII)V @ 524
Event: 8477.732 Thread 0x000000001cd00000 Uncommon trap: reason=bimorphic action=maybe_recompile pc=0x0000000005a92d50 method=com.google.common.collect.ImmutableMap.copyOf(Ljava/lang/Iterable;)Lcom/google/common/collect/ImmutableMap; @ 53
Event: 8477.735 Thread 0x000000001cd00000 Uncommon trap: reason=bimorphic action=maybe_recompile pc=0x0000000005ab391c method=com.google.common.collect.ImmutableMap.copyOf(Ljava/lang/Iterable;)Lcom/google/common/collect/ImmutableMap; @ 53
Event: 8479.087 Thread 0x000000001ccf8800 Uncommon trap: reason=unstable_if action=reinterpret pc=0x0000000005d620d8 method=org.gradle.internal.progress.DefaultBuildOperationExecutor.execute(Lorg/gradle/internal/operations/BuildOperation;Lorg/gradle/internal/operations/BuildOperationWorker;Lorg/g
Event: 12345.415 Thread 0x00000000188b0000 Uncommon trap: reason=unstable_if action=reinterpret pc=0x0000000005877108 method=java.text.DecimalFormat.format(JLjava/lang/StringBuffer;Ljava/text/Format$FieldDelegate;)Ljava/lang/StringBuffer; @ 136
Event: 13834.860 Thread 0x0000000019175800 Uncommon trap: reason=predicate action=maybe_recompile pc=0x000000000627f244 method=java.util.ComparableTimSort.binarySort([Ljava/lang/Object;III)V @ 37
Event: 13840.452 Thread 0x0000000019175800 Uncommon trap: reason=array_check action=maybe_recompile pc=0x00000000048d2578 method=java.util.TimSort.mergeHi(IIII)V @ 657
Event: 13844.131 Thread 0x000000001917a000 Uncommon trap: reason=class_check action=maybe_recompile pc=0x0000000004cc586c method=org.gradle.internal.logging.sink.OutputEventRenderer$4.onOutput(Lorg/gradle/internal/logging/events/OutputEvent;)V @ 11

Classes redefined (0 events):
No events

Internal exceptions (10 events):
Event: 13842.160 Thread 0x0000000019175800 Exception <a 'java/lang/NoSuchMethodError': <clinit>> (0x00000000f27cf610) thrown at [D:\src\AOSP-openjdk-cygwin\jdk8u\hotspot\src\share\vm\prims\jni.cpp, line 1613]
Event: 13842.515 Thread 0x0000000019175800 Exception <a 'java/lang/NoSuchMethodError': <clinit>> (0x00000000f27ed028) thrown at [D:\src\AOSP-openjdk-cygwin\jdk8u\hotspot\src\share\vm\prims\jni.cpp, line 1613]
Event: 13846.611 Thread 0x0000000019178000 Exception <a 'java/lang/NoSuchMethodError': <clinit>> (0x00000000f28ff690) thrown at [D:\src\AOSP-openjdk-cygwin\jdk8u\hotspot\src\share\vm\prims\jni.cpp, line 1613]
Event: 13846.770 Thread 0x0000000019178000 Exception <a 'java/lang/NoSuchMethodError': <clinit>> (0x00000000f2907918) thrown at [D:\src\AOSP-openjdk-cygwin\jdk8u\hotspot\src\share\vm\prims\jni.cpp, line 1613]
Event: 13877.884 Thread 0x0000000019178000 Exception <a 'java/lang/NoSuchMethodError': <clinit>> (0x00000000f2af69c0) thrown at [D:\src\AOSP-openjdk-cygwin\jdk8u\hotspot\src\share\vm\prims\jni.cpp, line 1613]
Event: 13878.165 Thread 0x0000000019178000 Exception <a 'java/lang/NoSuchMethodError': <clinit>> (0x00000000f2b021f8) thrown at [D:\src\AOSP-openjdk-cygwin\jdk8u\hotspot\src\share\vm\prims\jni.cpp, line 1613]
Event: 13878.289 Thread 0x0000000019178000 Exception <a 'java/lang/NoSuchMethodError': <clinit>> (0x00000000f2b0bde8) thrown at [D:\src\AOSP-openjdk-cygwin\jdk8u\hotspot\src\share\vm\prims\jni.cpp, line 1613]
Event: 13878.860 Thread 0x0000000019178000 Exception <a 'java/lang/NoSuchMethodError': <clinit>> (0x00000000f2b28608) thrown at [D:\src\AOSP-openjdk-cygwin\jdk8u\hotspot\src\share\vm\prims\jni.cpp, line 1613]
Event: 13878.895 Thread 0x0000000019178000 Exception <a 'java/lang/NoSuchMethodError': <clinit>> (0x00000000f2b2c260) thrown at [D:\src\AOSP-openjdk-cygwin\jdk8u\hotspot\src\share\vm\prims\jni.cpp, line 1613]
Event: 13878.896 Thread 0x0000000019178000 Exception <a 'java/lang/NoSuchMethodError': <clinit>> (0x00000000f2b2dd68) thrown at [D:\src\AOSP-openjdk-cygwin\jdk8u\hotspot\src\share\vm\prims\jni.cpp, line 1613]

Events (10 events):
Event: 13891.234 Thread 0x0000000019178000 DEOPT PACKING pc=0x0000000002f0678c sp=0x000000003651b5c0
Event: 13891.364 Thread 0x0000000019178000 DEOPT UNPACKING pc=0x0000000002d871d0 sp=0x000000003651b300 mode 0
Event: 13891.959 Executing VM operation: RevokeBias
Event: 13891.978 Executing VM operation: RevokeBias done
Event: 13891.988 Executing VM operation: RevokeBias
Event: 13892.024 Executing VM operation: RevokeBias done
Event: 13892.027 Executing VM operation: RevokeBias
Event: 13892.045 Executing VM operation: RevokeBias done
Event: 13892.177 Executing VM operation: BulkRevokeBias
Event: 13892.200 Executing VM operation: BulkRevokeBias done


Dynamic libraries:
0x00007ff6b14c0000 - 0x00007ff6b14f1000 	C:\Program Files\Android\Android Studio\jre\bin\java.exe
0x00007ff8cdde0000 - 0x00007ff8cdfc1000 	C:\WINDOWS\SYSTEM32\ntdll.dll
0x00007ff8cd140000 - 0x00007ff8cd1f2000 	C:\WINDOWS\System32\KERNEL32.DLL
0x00007ff8cab00000 - 0x00007ff8cad73000 	C:\WINDOWS\System32\KERNELBASE.dll
0x00007ff8cd200000 - 0x00007ff8cd2a1000 	C:\WINDOWS\System32\ADVAPI32.dll
0x00007ff8cb5a0000 - 0x00007ff8cb63e000 	C:\WINDOWS\System32\msvcrt.dll
0x00007ff8cd0e0000 - 0x00007ff8cd13b000 	C:\WINDOWS\System32\sechost.dll
0x00007ff8cdc80000 - 0x00007ff8cdda4000 	C:\WINDOWS\System32\RPCRT4.dll
0x00007ff8cb7d0000 - 0x00007ff8cb960000 	C:\WINDOWS\System32\USER32.dll
0x00007ff8ca970000 - 0x00007ff8ca990000 	C:\WINDOWS\System32\win32u.dll
0x00007ff8cb700000 - 0x00007ff8cb728000 	C:\WINDOWS\System32\GDI32.dll
0x00007ff8cb0d0000 - 0x00007ff8cb262000 	C:\WINDOWS\System32\gdi32full.dll
0x00007ff8ca9e0000 - 0x00007ff8caa7f000 	C:\WINDOWS\System32\msvcp_win.dll
0x00007ff8cade0000 - 0x00007ff8caeda000 	C:\WINDOWS\System32\ucrtbase.dll
0x00007ff8b9310000 - 0x00007ff8b9579000 	C:\WINDOWS\WinSxS\amd64_microsoft.windows.common-controls_6595b64144ccf1df_6.0.17134.228_none_fb4599993062b194\COMCTL32.dll
0x00007ff8cb270000 - 0x00007ff8cb593000 	C:\WINDOWS\System32\combase.dll
0x00007ff8caa80000 - 0x00007ff8caafa000 	C:\WINDOWS\System32\bcryptPrimitives.dll
0x00007ff8cdb60000 - 0x00007ff8cdb8d000 	C:\WINDOWS\System32\IMM32.DLL
0x0000000065e60000 - 0x0000000065f32000 	C:\Program Files\Android\Android Studio\jre\jre\bin\msvcr100.dll
0x0000000066020000 - 0x000000006685f000 	C:\Program Files\Android\Android Studio\jre\jre\bin\server\jvm.dll
0x00007ff8cbc90000 - 0x00007ff8cbc98000 	C:\WINDOWS\System32\PSAPI.DLL
0x00007ff8a95f0000 - 0x00007ff8a95f9000 	C:\WINDOWS\SYSTEM32\WSOCK32.dll
0x00007ff8c6b90000 - 0x00007ff8c6bb3000 	C:\WINDOWS\SYSTEM32\WINMM.dll
0x00007ff8cd930000 - 0x00007ff8cd99c000 	C:\WINDOWS\System32\WS2_32.dll
0x00007ff8c4ed0000 - 0x00007ff8c4eda000 	C:\WINDOWS\SYSTEM32\VERSION.dll
0x00007ff8c6b60000 - 0x00007ff8c6b8a000 	C:\WINDOWS\SYSTEM32\WINMMBASE.dll
0x00007ff8ca990000 - 0x00007ff8ca9d9000 	C:\WINDOWS\System32\cfgmgr32.dll
0x00007ff8c4ec0000 - 0x00007ff8c4ecf000 	C:\Program Files\Android\Android Studio\jre\jre\bin\verify.dll
0x00007ff8b96f0000 - 0x00007ff8b9719000 	C:\Program Files\Android\Android Studio\jre\jre\bin\java.dll
0x00007ff8c2740000 - 0x00007ff8c2756000 	C:\Program Files\Android\Android Studio\jre\jre\bin\zip.dll
0x00007ff8cbca0000 - 0x00007ff8cd0e0000 	C:\WINDOWS\System32\SHELL32.dll
0x00007ff8cb650000 - 0x00007ff8cb6f9000 	C:\WINDOWS\System32\shcore.dll
0x00007ff8ca260000 - 0x00007ff8ca96d000 	C:\WINDOWS\System32\windows.storage.dll
0x00007ff8cb960000 - 0x00007ff8cb9b1000 	C:\WINDOWS\System32\shlwapi.dll
0x00007ff8ca0f0000 - 0x00007ff8ca101000 	C:\WINDOWS\System32\kernel.appcore.dll
0x00007ff8ca110000 - 0x00007ff8ca12f000 	C:\WINDOWS\System32\profapi.dll
0x00007ff8ca130000 - 0x00007ff8ca17c000 	C:\WINDOWS\System32\powrprof.dll
0x00007ff8ca180000 - 0x00007ff8ca18a000 	C:\WINDOWS\System32\FLTLIB.DLL
0x00007ff8b91b0000 - 0x00007ff8b91ca000 	C:\Program Files\Android\Android Studio\jre\jre\bin\net.dll
0x00007ff8c8590000 - 0x00007ff8c85f6000 	C:\WINDOWS\system32\mswsock.dll
0x00007ff8b8970000 - 0x00007ff8b8981000 	C:\Program Files\Android\Android Studio\jre\jre\bin\nio.dll
0x00007ff8c2550000 - 0x00007ff8c256e000 	C:\Users\cusatomer\.gradle\native\25\windows-amd64\native-platform.dll
0x00007ff8c2520000 - 0x00007ff8c252d000 	C:\Program Files\Android\Android Studio\jre\jre\bin\management.dll
0x00007ff8c8740000 - 0x00007ff8c8757000 	C:\WINDOWS\SYSTEM32\CRYPTSP.dll
0x00007ff8c8170000 - 0x00007ff8c81a3000 	C:\WINDOWS\system32\rsaenh.dll
0x00007ff8c8870000 - 0x00007ff8c8895000 	C:\WINDOWS\SYSTEM32\bcrypt.dll
0x00007ff8c8c70000 - 0x00007ff8c8c98000 	C:\WINDOWS\SYSTEM32\USERENV.dll
0x00007ff8c8760000 - 0x00007ff8c876b000 	C:\WINDOWS\SYSTEM32\CRYPTBASE.dll
0x00007ff8c8310000 - 0x00007ff8c8348000 	C:\WINDOWS\SYSTEM32\IPHLPAPI.DLL
0x00007ff8cd4d0000 - 0x00007ff8cd4d8000 	C:\WINDOWS\System32\NSI.dll
0x00007ff8beed0000 - 0x00007ff8beee6000 	C:\WINDOWS\SYSTEM32\dhcpcsvc6.DLL
0x00007ff8befe0000 - 0x00007ff8beffa000 	C:\WINDOWS\SYSTEM32\dhcpcsvc.DLL

VM Arguments:
jvm_args: -Xmx1536m -Dfile.encoding=windows-1252 -Duser.country=US -Duser.language=en -Duser.variant 
java_command: org.gradle.launcher.daemon.bootstrap.GradleDaemon 4.4
java_class_path (initial): C:\Users\cusatomer\.gradle\wrapper\dists\gradle-4.4-all\9br9xq1tocpiv8o6njlyu5op1\gradle-4.4\lib\gradle-launcher-4.4.jar
Launcher Type: SUN_STANDARD

Environment Variables:
PATH=C:\Program Files (x86)\Common Files\Oracle\Java\javapath;C:\WINDOWS\system32;C:\WINDOWS;C:\WINDOWS\system32\wbem;C:\Program Files\Common Files\Microsoft Shared\Windows Live;C:\Program Files (x86)\Common Files\Microsoft Shared\Windows Live;C:\windows\System32\WindowsPowerShell\v1.0;C:\Program Files (x86)\Windows Live\Shared;C:\Program Files (x86)\ATI Technologies\ATI.ACE\Core-Static;C:\Users\cusatomer\AppData\Local\Smartbar\Application;C:\WINDOWS\System32\Wbem;C:\WINDOWS\System32\WindowsPowerShell\v1.0\;C:\Program Files (x86)\Skype\Phone\;C:\Program Files (x86)\Brackets\command;C:\WINDOWS\System32\OpenSSH\;C:\Program Files\Git\cmd;C:\Program Files\nodejs\;C:\Users\cusatomer\AppData\Local\Microsoft\WindowsApps;C:\Users\cusatomer\AppData\Roaming\npm
USERNAME=cusatomer
OS=Windows_NT
PROCESSOR_IDENTIFIER=AMD64 Family 20 Model 2 Stepping 0, AuthenticAMD



---------------  S Y S T E M  ---------------

OS: Windows 10.0 , 64 bit Build 17134 (10.0.17134.1)

CPU:total 2 (initial active 2) (2 cores per cpu, 1 threads per core) family 20 model 2 stepping 0, cmov, cx8, fxsr, mmx, sse, sse2, sse3, ssse3, popcnt, mmxext, lzcnt, sse4a, tsc, tscinvbit, tscinv

Memory: 4k page, physical 3775348k(310168k free), swap 6929312k(1456k free)

vm_info: OpenJDK 64-Bit Server VM (25.152-b02) for windows-amd64 JRE (1.8.0_152-release-1024-b02), built by "builder" with MS VC++ 10.0 (VS2010)

time: Sun Sep 09 14:23:19 2018
elapsed time: 13893 seconds (0d 3h 51m 33s)

